[0.080s] DEBUG:colcon:Command line arguments: ['/usr/bin/colcon', 'build', '--symlink-install']
[0.080s] DEBUG:colcon:Parsed command line arguments: Namespace(log_base=None, log_level=None, verb_name='build', build_base='build', install_base='install', merge_install=False, symlink_install=True, test_result_base=None, continue_on_error=False, executor='parallel', parallel_workers=16, event_handlers=None, ignore_user_meta=False, metas=['./colcon.meta'], base_paths=['.'], packages_ignore=None, packages_ignore_regex=None, paths=None, packages_up_to=None, packages_up_to_regex=None, packages_above=None, packages_above_and_dependencies=None, packages_above_depth=None, packages_select_by_dep=None, packages_skip_by_dep=None, packages_skip_up_to=None, packages_select_build_failed=False, packages_skip_build_finished=False, packages_select_test_failures=False, packages_skip_test_passed=False, packages_select=None, packages_skip=None, packages_select_regex=None, packages_skip_regex=None, packages_start=None, packages_end=None, allow_overriding=[], cmake_args=None, cmake_target=None, cmake_target_skip_unavailable=False, cmake_clean_cache=False, cmake_clean_first=False, cmake_force_configure=False, ament_cmake_args=None, catkin_cmake_args=None, catkin_skip_building_tests=False, verb_parser=<colcon_defaults.argument_parser.defaults.DefaultArgumentsDecorator object at 0x7f90c86418d0>, verb_extension=<colcon_core.verb.build.BuildVerb object at 0x7f90c8640fa0>, main=<bound method BuildVerb.main of <colcon_core.verb.build.BuildVerb object at 0x7f90c8640fa0>>)
[0.205s] Level 1:colcon.colcon_core.package_discovery:discover_packages(colcon_meta) check parameters
[0.205s] Level 1:colcon.colcon_core.package_discovery:discover_packages(recursive) check parameters
[0.205s] Level 1:colcon.colcon_core.package_discovery:discover_packages(ignore) check parameters
[0.205s] Level 1:colcon.colcon_core.package_discovery:discover_packages(path) check parameters
[0.205s] Level 1:colcon.colcon_core.package_discovery:discover_packages(colcon_meta) discover
[0.205s] Level 1:colcon.colcon_core.package_discovery:discover_packages(recursive) discover
[0.205s] INFO:colcon.colcon_core.package_discovery:Crawling recursively for packages in '/home/ceyx/Documents/tripteron'
[0.206s] Level 1:colcon.colcon_core.package_identification:_identify(.) by extensions ['ignore', 'ignore_ament_install']
[0.206s] Level 1:colcon.colcon_core.package_identification:_identify(.) by extension 'ignore'
[0.206s] Level 1:colcon.colcon_core.package_identification:_identify(.) by extension 'ignore_ament_install'
[0.206s] Level 1:colcon.colcon_core.package_identification:_identify(.) by extensions ['colcon_pkg']
[0.206s] Level 1:colcon.colcon_core.package_identification:_identify(.) by extension 'colcon_pkg'
[0.206s] Level 1:colcon.colcon_core.package_identification:_identify(.) by extensions ['colcon_meta']
[0.206s] Level 1:colcon.colcon_core.package_identification:_identify(.) by extension 'colcon_meta'
[0.206s] Level 1:colcon.colcon_core.package_identification:_identify(.) by extensions ['ros']
[0.206s] Level 1:colcon.colcon_core.package_identification:_identify(.) by extension 'ros'
[0.217s] DEBUG:colcon.colcon_core.package_identification:Package '.' with type 'ros.ament_python' and name 'tripteron'
[0.217s] Level 1:colcon.colcon_core.package_discovery:discover_packages(recursive) using defaults
[0.217s] Level 1:colcon.colcon_core.package_discovery:discover_packages(ignore) discover
[0.217s] Level 1:colcon.colcon_core.package_discovery:discover_packages(ignore) using defaults
[0.217s] Level 1:colcon.colcon_core.package_discovery:discover_packages(path) discover
[0.217s] Level 1:colcon.colcon_core.package_discovery:discover_packages(path) using defaults
[0.234s] Level 1:colcon.colcon_core.package_discovery:discover_packages(prefix_path) check parameters
[0.234s] Level 1:colcon.colcon_core.package_discovery:discover_packages(prefix_path) discover
[0.234s] WARNING:colcon.colcon_ros.prefix_path.ament:The path '/home/ceyx/Documents/tripteron/install/tripteron' in the environment variable AMENT_PREFIX_PATH doesn't exist
[0.251s] DEBUG:colcon.colcon_installed_package_information.package_discovery:Found 0 installed packages in /home/ceyx/Documents/tripteron/install
[0.252s] DEBUG:colcon.colcon_installed_package_information.package_discovery:Found 270 installed packages in /opt/ros/humble
[0.253s] Level 1:colcon.colcon_core.package_discovery:discover_packages(prefix_path) using defaults
[0.284s] Level 5:colcon.colcon_core.verb:set package 'tripteron' build argument 'cmake_args' from command line to 'None'
[0.284s] Level 5:colcon.colcon_core.verb:set package 'tripteron' build argument 'cmake_target' from command line to 'None'
[0.284s] Level 5:colcon.colcon_core.verb:set package 'tripteron' build argument 'cmake_target_skip_unavailable' from command line to 'False'
[0.284s] Level 5:colcon.colcon_core.verb:set package 'tripteron' build argument 'cmake_clean_cache' from command line to 'False'
[0.284s] Level 5:colcon.colcon_core.verb:set package 'tripteron' build argument 'cmake_clean_first' from command line to 'False'
[0.284s] Level 5:colcon.colcon_core.verb:set package 'tripteron' build argument 'cmake_force_configure' from command line to 'False'
[0.284s] Level 5:colcon.colcon_core.verb:set package 'tripteron' build argument 'ament_cmake_args' from command line to 'None'
[0.284s] Level 5:colcon.colcon_core.verb:set package 'tripteron' build argument 'catkin_cmake_args' from command line to 'None'
[0.285s] Level 5:colcon.colcon_core.verb:set package 'tripteron' build argument 'catkin_skip_building_tests' from command line to 'False'
[0.285s] DEBUG:colcon.colcon_core.verb:Building package 'tripteron' with the following arguments: {'ament_cmake_args': None, 'build_base': '/home/ceyx/Documents/tripteron/build/tripteron', 'catkin_cmake_args': None, 'catkin_skip_building_tests': False, 'cmake_args': None, 'cmake_clean_cache': False, 'cmake_clean_first': False, 'cmake_force_configure': False, 'cmake_target': None, 'cmake_target_skip_unavailable': False, 'install_base': '/home/ceyx/Documents/tripteron/install/tripteron', 'merge_install': False, 'path': '/home/ceyx/Documents/tripteron', 'symlink_install': True, 'test_result_base': None}
[0.285s] INFO:colcon.colcon_core.executor:Executing jobs using 'parallel' executor
[0.286s] DEBUG:colcon.colcon_parallel_executor.executor.parallel:run_until_complete
[0.286s] INFO:colcon.colcon_ros.task.ament_python.build:Building ROS package in '/home/ceyx/Documents/tripteron' with build type 'ament_python'
[0.286s] Level 1:colcon.colcon_core.shell:create_environment_hook('tripteron', 'ament_prefix_path')
[0.288s] INFO:colcon.colcon_core.plugin_system:Skipping extension 'colcon_core.shell.bat': Not used on non-Windows systems
[0.288s] INFO:colcon.colcon_core.shell:Creating environment hook '/home/ceyx/Documents/tripteron/install/tripteron/share/tripteron/hook/ament_prefix_path.ps1'
[0.289s] INFO:colcon.colcon_core.shell:Creating environment descriptor '/home/ceyx/Documents/tripteron/install/tripteron/share/tripteron/hook/ament_prefix_path.dsv'
[0.289s] INFO:colcon.colcon_core.shell:Creating environment hook '/home/ceyx/Documents/tripteron/install/tripteron/share/tripteron/hook/ament_prefix_path.sh'
[0.290s] INFO:colcon.colcon_core.shell:Skip shell extension 'powershell' for command environment: Not usable outside of PowerShell
[0.290s] DEBUG:colcon.colcon_core.shell:Skip shell extension 'dsv' for command environment
[0.508s] INFO:colcon.colcon_core.task.python.build:Building Python package in '/home/ceyx/Documents/tripteron'
[0.509s] INFO:colcon.colcon_core.shell:Skip shell extension 'powershell' for command environment: Not usable outside of PowerShell
[0.509s] DEBUG:colcon.colcon_core.shell:Skip shell extension 'dsv' for command environment
[0.818s] DEBUG:colcon.colcon_core.event_handler.log_command:Invoking command in '/home/ceyx/Documents/tripteron/build/tripteron': PYTHONPATH=/home/ceyx/Documents/tripteron/build/tripteron/prefix_override:/home/ceyx/Documents/tripteron/install/tripteron/lib/python3.10/site-packages:${PYTHONPATH} /usr/bin/python3 -W ignore:setup.py install is deprecated setup.py develop --editable --build-directory /home/ceyx/Documents/tripteron/build/tripteron/build --no-deps symlink_data
[1.199s] Level 1:colcon.colcon_core.shell:create_environment_hook('tripteron', 'pythonpath_develop')
[1.200s] INFO:colcon.colcon_core.shell:Creating environment hook '/home/ceyx/Documents/tripteron/build/tripteron/share/tripteron/hook/pythonpath_develop.ps1'
[1.201s] DEBUG:colcon.colcon_core.event_handler.log_command:Invoked command in '/home/ceyx/Documents/tripteron/build/tripteron' returned '0': PYTHONPATH=/home/ceyx/Documents/tripteron/build/tripteron/prefix_override:/home/ceyx/Documents/tripteron/install/tripteron/lib/python3.10/site-packages:${PYTHONPATH} /usr/bin/python3 -W ignore:setup.py install is deprecated setup.py develop --editable --build-directory /home/ceyx/Documents/tripteron/build/tripteron/build --no-deps symlink_data
[1.202s] INFO:colcon.colcon_core.shell:Creating environment descriptor '/home/ceyx/Documents/tripteron/build/tripteron/share/tripteron/hook/pythonpath_develop.dsv'
[1.202s] INFO:colcon.colcon_core.shell:Creating environment hook '/home/ceyx/Documents/tripteron/build/tripteron/share/tripteron/hook/pythonpath_develop.sh'
[1.204s] Level 1:colcon.colcon_core.environment:checking '/home/ceyx/Documents/tripteron/install/tripteron' for CMake module files
[1.204s] Level 1:colcon.colcon_core.environment:checking '/home/ceyx/Documents/tripteron/install/tripteron' for CMake config files
[1.205s] Level 1:colcon.colcon_core.environment:checking '/home/ceyx/Documents/tripteron/install/tripteron/lib'
[1.206s] Level 1:colcon.colcon_core.environment:checking '/home/ceyx/Documents/tripteron/install/tripteron/bin'
[1.206s] Level 1:colcon.colcon_core.environment:checking '/home/ceyx/Documents/tripteron/install/tripteron/lib/pkgconfig/tripteron.pc'
[1.206s] Level 1:colcon.colcon_core.environment:checking '/home/ceyx/Documents/tripteron/install/tripteron/lib/python3.10/site-packages'
[1.206s] Level 1:colcon.colcon_core.shell:create_environment_hook('tripteron', 'pythonpath')
[1.206s] INFO:colcon.colcon_core.shell:Creating environment hook '/home/ceyx/Documents/tripteron/install/tripteron/share/tripteron/hook/pythonpath.ps1'
[1.206s] INFO:colcon.colcon_core.shell:Creating environment descriptor '/home/ceyx/Documents/tripteron/install/tripteron/share/tripteron/hook/pythonpath.dsv'
[1.207s] INFO:colcon.colcon_core.shell:Creating environment hook '/home/ceyx/Documents/tripteron/install/tripteron/share/tripteron/hook/pythonpath.sh'
[1.207s] Level 1:colcon.colcon_core.environment:checking '/home/ceyx/Documents/tripteron/install/tripteron/bin'
[1.207s] Level 1:colcon.colcon_core.environment:create_environment_scripts_only(tripteron)
[1.208s] INFO:colcon.colcon_core.shell:Creating package script '/home/ceyx/Documents/tripteron/install/tripteron/share/tripteron/package.ps1'
[1.208s] INFO:colcon.colcon_core.shell:Creating package descriptor '/home/ceyx/Documents/tripteron/install/tripteron/share/tripteron/package.dsv'
[1.209s] INFO:colcon.colcon_core.shell:Creating package script '/home/ceyx/Documents/tripteron/install/tripteron/share/tripteron/package.sh'
[1.209s] INFO:colcon.colcon_core.shell:Creating package script '/home/ceyx/Documents/tripteron/install/tripteron/share/tripteron/package.bash'
[1.210s] INFO:colcon.colcon_core.shell:Creating package script '/home/ceyx/Documents/tripteron/install/tripteron/share/tripteron/package.zsh'
[1.210s] Level 1:colcon.colcon_core.environment:create_file_with_runtime_dependencies(/home/ceyx/Documents/tripteron/install/tripteron/share/colcon-core/packages/tripteron)
[1.210s] DEBUG:colcon.colcon_parallel_executor.executor.parallel:closing loop
[1.211s] DEBUG:colcon.colcon_parallel_executor.executor.parallel:loop closed
[1.211s] DEBUG:colcon.colcon_parallel_executor.executor.parallel:run_until_complete finished with '0'
[1.211s] DEBUG:colcon.colcon_core.event_reactor:joining thread
[1.216s] INFO:colcon.colcon_core.plugin_system:Skipping extension 'colcon_notification.desktop_notification.terminal_notifier': Not used on non-Darwin systems
[1.216s] INFO:colcon.colcon_core.plugin_system:Skipping extension 'colcon_notification.desktop_notification.win32': Not used on non-Windows systems
[1.216s] INFO:colcon.colcon_notification.desktop_notification:Sending desktop notification using 'notify2'
[1.230s] DEBUG:colcon.colcon_core.event_reactor:joined thread
[1.230s] INFO:colcon.colcon_core.shell:Creating prefix script '/home/ceyx/Documents/tripteron/install/local_setup.ps1'
[1.232s] INFO:colcon.colcon_core.shell:Creating prefix util module '/home/ceyx/Documents/tripteron/install/_local_setup_util_ps1.py'
[1.233s] INFO:colcon.colcon_core.shell:Creating prefix chain script '/home/ceyx/Documents/tripteron/install/setup.ps1'
[1.234s] INFO:colcon.colcon_core.shell:Creating prefix script '/home/ceyx/Documents/tripteron/install/local_setup.sh'
[1.234s] INFO:colcon.colcon_core.shell:Creating prefix util module '/home/ceyx/Documents/tripteron/install/_local_setup_util_sh.py'
[1.235s] INFO:colcon.colcon_core.shell:Creating prefix chain script '/home/ceyx/Documents/tripteron/install/setup.sh'
[1.235s] INFO:colcon.colcon_core.shell:Creating prefix script '/home/ceyx/Documents/tripteron/install/local_setup.bash'
[1.236s] INFO:colcon.colcon_core.shell:Creating prefix chain script '/home/ceyx/Documents/tripteron/install/setup.bash'
[1.236s] INFO:colcon.colcon_core.shell:Creating prefix script '/home/ceyx/Documents/tripteron/install/local_setup.zsh'
[1.237s] INFO:colcon.colcon_core.shell:Creating prefix chain script '/home/ceyx/Documents/tripteron/install/setup.zsh'
